<?xml version="1.0" encoding="UTF-8"?>
<testng-results ignored="0" total="1" passed="1" failed="0" skipped="0">
  <reporter-output>
  </reporter-output>
  <suite started-at="2022-03-28T18:11:23 EDT" name="Automation test" finished-at="2022-03-28T18:11:36 EDT" duration-ms="12852">
    <groups>
    </groups>
    <test started-at="2022-03-28T18:11:23 EDT" name="Windows 11 Chrome" finished-at="2022-03-28T18:11:36 EDT" duration-ms="12852">
      <class name="tests.Dashboard">
        <test-method is-config="true" signature="beforeSuite()[pri:0, instance:tests.Dashboard@1ed4ae0f]" started-at="2022-03-28T18:11:23 EDT" name="beforeSuite" finished-at="2022-03-28T18:11:23 EDT" duration-ms="52" status="PASS">
          <reporter-output>
          </reporter-output>
        </test-method> <!-- beforeSuite -->
        <test-method is-config="true" signature="beforeClass()[pri:0, instance:tests.Dashboard@1ed4ae0f]" started-at="2022-03-28T18:11:23 EDT" name="beforeClass" finished-at="2022-03-28T18:11:23 EDT" duration-ms="1" status="PASS">
          <reporter-output>
          </reporter-output>
        </test-method> <!-- beforeClass -->
        <test-method is-config="true" signature="befreMethod(java.lang.String,java.lang.String)[pri:0, instance:tests.Dashboard@1ed4ae0f]" started-at="2022-03-28T18:11:23 EDT" name="befreMethod" finished-at="2022-03-28T18:11:30 EDT" duration-ms="7752" status="PASS">
          <params>
            <param index="0">
              <value>
                <![CDATA[chrome]]>
              </value>
            </param>
            <param index="1">
              <value>
                <![CDATA[desktop]]>
              </value>
            </param>
          </params>
          <reporter-output>
          </reporter-output>
        </test-method> <!-- befreMethod -->
        <test-method signature="Dashboard_TC001(java.lang.String)[pri:1, instance:tests.Dashboard@1ed4ae0f]" started-at="2022-03-28T18:11:30 EDT" name="Dashboard_TC001" finished-at="2022-03-28T18:11:36 EDT" duration-ms="5050" status="PASS">
          <params>
            <param index="0">
              <value>
                <![CDATA[chrome]]>
              </value>
            </param>
          </params>
          <reporter-output>
          </reporter-output>
        </test-method> <!-- Dashboard_TC001 -->
      </class> <!-- tests.Dashboard -->
    </test> <!-- Windows 11 Chrome -->
  </suite> <!-- Automation test -->
</testng-results>
