<?xml version="1.0" encoding="UTF-8"?>
<testng-results ignored="0" total="1" passed="0" failed="1" skipped="0">
  <reporter-output>
  </reporter-output>
  <suite started-at="2022-04-03T13:53:35 EDT" name="Automation test" finished-at="2022-04-03T13:54:09 EDT" duration-ms="33738">
    <groups>
      <group name="cucumber">
        <method signature="AbstractTestNGCucumberTests.runScenario(io.cucumber.testng.PickleWrapper,io.cucumber.testng.FeatureWrapper)[pri:0, instance:testRunner.DashboardRunner@6c284af]" name="runScenario" class="io.cucumber.testng.AbstractTestNGCucumberTests"/>
      </group> <!-- cucumber -->
    </groups>
    <test started-at="2022-04-03T13:53:35 EDT" name="Windows 11 Chrome" finished-at="2022-04-03T13:54:09 EDT" duration-ms="33738">
      <class name="testRunner.DashboardRunner">
        <test-method is-config="true" signature="beforeSuite()[pri:0, instance:testRunner.DashboardRunner@6c284af]" started-at="2022-04-03T13:53:35 EDT" name="beforeSuite" finished-at="2022-04-03T13:53:35 EDT" duration-ms="44" status="PASS">
          <reporter-output>
          </reporter-output>
        </test-method> <!-- beforeSuite -->
        <test-method is-config="true" signature="beforeTest()[pri:0, instance:testRunner.DashboardRunner@6c284af]" started-at="2022-04-03T13:53:35 EDT" name="beforeTest" finished-at="2022-04-03T13:53:35 EDT" duration-ms="1" status="PASS">
          <reporter-output>
          </reporter-output>
        </test-method> <!-- beforeTest -->
        <test-method is-config="true" signature="setUpClass(org.testng.ITestContext)[pri:0, instance:testRunner.DashboardRunner@6c284af]" started-at="2022-04-03T13:53:35 EDT" name="setUpClass" finished-at="2022-04-03T13:53:35 EDT" duration-ms="300" status="PASS">
          <params>
            <param index="0">
              <value>
                <![CDATA[org.testng.TestRunner@64656b9e]]>
              </value>
            </param>
          </params>
          <reporter-output>
          </reporter-output>
        </test-method> <!-- setUpClass -->
        <test-method is-config="true" signature="beforeClass(java.lang.reflect.Method,java.lang.String,java.lang.String)[pri:0, instance:testRunner.DashboardRunner@6c284af]" started-at="2022-04-03T13:53:35 EDT" name="beforeClass" finished-at="2022-04-03T13:53:35 EDT" duration-ms="1" status="PASS">
          <params>
            <param index="0">
              <value is-null="true"/>
            </param>
            <param index="1">
              <value>
                <![CDATA[chrome]]>
              </value>
            </param>
            <param index="2">
              <value>
                <![CDATA[desktop]]>
              </value>
            </param>
          </params>
          <reporter-output>
          </reporter-output>
        </test-method> <!-- beforeClass -->
        <test-method signature="runScenario(io.cucumber.testng.PickleWrapper,io.cucumber.testng.FeatureWrapper)[pri:0, instance:testRunner.DashboardRunner@6c284af]" started-at="2022-04-03T13:53:35 EDT" name="runScenario" description="Runs Cucumber Scenarios" data-provider="scenarios" finished-at="2022-04-03T13:54:09 EDT" duration-ms="33388" status="FAIL">
          <params>
            <param index="0">
              <value>
                <![CDATA["Validate the Dashboard page"]]>
              </value>
            </param>
            <param index="1">
              <value>
                <![CDATA["Optional[Title of your feature]"]]>
              </value>
            </param>
          </params>
          <exception class="io.cucumber.java.PendingException">
            <message>
              <![CDATA[TODO: implement me]]>
            </message>
            <full-stacktrace>
              <![CDATA[io.cucumber.java.PendingException: TODO: implement me
at stepdefinitions.DashboardSD.logff_from_the_application(DashboardSD.java:44)
at ✽.Logff from the Application(file:///C:/git/automation-framework/src/test/resources/features/Dashboard.feature:28)
]]>
            </full-stacktrace>
          </exception> <!-- io.cucumber.java.PendingException -->
          <reporter-output>
          </reporter-output>
        </test-method> <!-- runScenario -->
        <test-method is-config="true" signature="afterClass()[pri:0, instance:testRunner.DashboardRunner@6c284af]" started-at="2022-04-03T13:54:09 EDT" name="afterClass" finished-at="2022-04-03T13:54:09 EDT" duration-ms="1" status="PASS">
          <reporter-output>
          </reporter-output>
        </test-method> <!-- afterClass -->
        <test-method is-config="true" signature="tearDownClass()[pri:0, instance:testRunner.DashboardRunner@6c284af]" started-at="2022-04-03T13:54:09 EDT" name="tearDownClass" finished-at="2022-04-03T13:54:09 EDT" duration-ms="6" status="PASS">
          <reporter-output>
          </reporter-output>
        </test-method> <!-- tearDownClass -->
        <test-method is-config="true" signature="afterTest()[pri:0, instance:testRunner.DashboardRunner@6c284af]" started-at="2022-04-03T13:54:09 EDT" name="afterTest" finished-at="2022-04-03T13:54:09 EDT" duration-ms="0" status="PASS">
          <reporter-output>
          </reporter-output>
        </test-method> <!-- afterTest -->
        <test-method is-config="true" signature="afterSuite()[pri:0, instance:testRunner.DashboardRunner@6c284af]" started-at="2022-04-03T13:54:09 EDT" name="afterSuite" finished-at="2022-04-03T13:54:09 EDT" duration-ms="0" status="PASS">
          <reporter-output>
          </reporter-output>
        </test-method> <!-- afterSuite -->
      </class> <!-- testRunner.DashboardRunner -->
    </test> <!-- Windows 11 Chrome -->
  </suite> <!-- Automation test -->
</testng-results>
